Setting up paths...
No pretrained model found. Training new model...
Loading training data...
Loading data from data/enwik8
Training model...
Training on device: cuda
Using mixed precision training (FP16)
Epoch 1/5, Batch 10/2746, Loss: 5.4811
Epoch 1/5, Batch 20/2746, Loss: 5.2879
Epoch 1/5, Batch 30/2746, Loss: 4.9861
Epoch 1/5, Batch 40/2746, Loss: 4.6415
Epoch 1/5, Batch 50/2746, Loss: 4.3492
Epoch 1/5, Batch 60/2746, Loss: 4.2727
Epoch 1/5, Batch 70/2746, Loss: 4.0644
Epoch 1/5, Batch 80/2746, Loss: 4.0196
Epoch 1/5, Batch 90/2746, Loss: 3.9241
Epoch 1/5, Batch 100/2746, Loss: 3.9202
Epoch 1/5, Batch 110/2746, Loss: 3.7797
Epoch 1/5, Batch 120/2746, Loss: 3.6742
Epoch 1/5, Batch 130/2746, Loss: 3.5944
Epoch 1/5, Batch 140/2746, Loss: 3.6093
Epoch 1/5, Batch 150/2746, Loss: 3.4729
Epoch 1/5, Batch 160/2746, Loss: 3.2883
Epoch 1/5, Batch 170/2746, Loss: 3.2025
Epoch 1/5, Batch 180/2746, Loss: 3.1292
Epoch 1/5, Batch 190/2746, Loss: 3.1056
Epoch 1/5, Batch 200/2746, Loss: 2.9953
Epoch 1/5, Batch 210/2746, Loss: 3.0881
Epoch 1/5, Batch 220/2746, Loss: 2.9771
Epoch 1/5, Batch 230/2746, Loss: 2.9291
Epoch 1/5, Batch 240/2746, Loss: 2.9012
Epoch 1/5, Batch 250/2746, Loss: 2.8588
Epoch 1/5, Batch 260/2746, Loss: 2.8995
Epoch 1/5, Batch 270/2746, Loss: 2.9007
Epoch 1/5, Batch 280/2746, Loss: 2.8906
Epoch 1/5, Batch 290/2746, Loss: 2.8874
Epoch 1/5, Batch 300/2746, Loss: 2.8490
Epoch 1/5, Batch 310/2746, Loss: 2.8210
Epoch 1/5, Batch 320/2746, Loss: 2.8060
Epoch 1/5, Batch 330/2746, Loss: 2.7879
Epoch 1/5, Batch 340/2746, Loss: 2.7896
Epoch 1/5, Batch 350/2746, Loss: 2.8191
Epoch 1/5, Batch 360/2746, Loss: 2.7561
Epoch 1/5, Batch 370/2746, Loss: 2.8371
Epoch 1/5, Batch 380/2746, Loss: 2.7485
Epoch 1/5, Batch 390/2746, Loss: 2.7426
Epoch 1/5, Batch 400/2746, Loss: 2.7950
Epoch 1/5, Batch 410/2746, Loss: 2.7014
Epoch 1/5, Batch 420/2746, Loss: 2.7206
Epoch 1/5, Batch 430/2746, Loss: 2.7361
Epoch 1/5, Batch 440/2746, Loss: 2.7222
Epoch 1/5, Batch 450/2746, Loss: 2.7426
Epoch 1/5, Batch 460/2746, Loss: 2.7503
Epoch 1/5, Batch 470/2746, Loss: 2.7388
Epoch 1/5, Batch 480/2746, Loss: 2.7770
Epoch 1/5, Batch 490/2746, Loss: 2.7012
Epoch 1/5, Batch 500/2746, Loss: 2.7641
Epoch 1/5, Batch 510/2746, Loss: 2.7092
Epoch 1/5, Batch 520/2746, Loss: 2.6947
Epoch 1/5, Batch 530/2746, Loss: 2.7066
Epoch 1/5, Batch 540/2746, Loss: 2.7431
Epoch 1/5, Batch 550/2746, Loss: 2.6998
Epoch 1/5, Batch 560/2746, Loss: 2.6388
Epoch 1/5, Batch 570/2746, Loss: 2.7326
Epoch 1/5, Batch 580/2746, Loss: 2.7076
Epoch 1/5, Batch 590/2746, Loss: 2.6622
Epoch 1/5, Batch 600/2746, Loss: 2.6619
Epoch 1/5, Batch 610/2746, Loss: 2.6415
Epoch 1/5, Batch 620/2746, Loss: 2.6752
Epoch 1/5, Batch 630/2746, Loss: 2.6503
Epoch 1/5, Batch 640/2746, Loss: 2.7258
Epoch 1/5, Batch 650/2746, Loss: 2.6485
Epoch 1/5, Batch 660/2746, Loss: 2.6629
Epoch 1/5, Batch 670/2746, Loss: 2.6537
Epoch 1/5, Batch 680/2746, Loss: 2.6499
Epoch 1/5, Batch 690/2746, Loss: 2.6240
Epoch 1/5, Batch 700/2746, Loss: 2.6707
Epoch 1/5, Batch 710/2746, Loss: 2.6288
Epoch 1/5, Batch 720/2746, Loss: 2.6204
Epoch 1/5, Batch 730/2746, Loss: 2.6227
Epoch 1/5, Batch 740/2746, Loss: 2.6540
Epoch 1/5, Batch 750/2746, Loss: 2.5989
Epoch 1/5, Batch 760/2746, Loss: 2.5849
Epoch 1/5, Batch 770/2746, Loss: 2.5829
Epoch 1/5, Batch 780/2746, Loss: 2.6427
Epoch 1/5, Batch 790/2746, Loss: 2.6367
Epoch 1/5, Batch 800/2746, Loss: 2.6061
Epoch 1/5, Batch 810/2746, Loss: 2.5560
Epoch 1/5, Batch 820/2746, Loss: 2.5998
Epoch 1/5, Batch 830/2746, Loss: 2.6103
Epoch 1/5, Batch 840/2746, Loss: 2.5623
Epoch 1/5, Batch 850/2746, Loss: 2.5473
Epoch 1/5, Batch 860/2746, Loss: 2.5922
Epoch 1/5, Batch 870/2746, Loss: 2.5576
Epoch 1/5, Batch 880/2746, Loss: 2.6159
Epoch 1/5, Batch 890/2746, Loss: 2.5714
Epoch 1/5, Batch 900/2746, Loss: 2.5257
Epoch 1/5, Batch 910/2746, Loss: 2.5517
Epoch 1/5, Batch 920/2746, Loss: 2.5126
Epoch 1/5, Batch 930/2746, Loss: 2.5343
Epoch 1/5, Batch 940/2746, Loss: 2.5022
Epoch 1/5, Batch 950/2746, Loss: 2.5501
Epoch 1/5, Batch 960/2746, Loss: 2.6016
Epoch 1/5, Batch 970/2746, Loss: 2.5583
Epoch 1/5, Batch 980/2746, Loss: 2.5026
Epoch 1/5, Batch 990/2746, Loss: 2.5993
Epoch 1/5, Batch 1000/2746, Loss: 2.5912
Epoch 1/5, Batch 1010/2746, Loss: 2.5061
Epoch 1/5, Batch 1020/2746, Loss: 2.5641
Epoch 1/5, Batch 1030/2746, Loss: 2.5214
Epoch 1/5, Batch 1040/2746, Loss: 2.5062
Epoch 1/5, Batch 1050/2746, Loss: 2.5157
Epoch 1/5, Batch 1060/2746, Loss: 2.4819
Epoch 1/5, Batch 1070/2746, Loss: 2.4901
Epoch 1/5, Batch 1080/2746, Loss: 2.4422
Epoch 1/5, Batch 1090/2746, Loss: 2.4389
Epoch 1/5, Batch 1100/2746, Loss: 2.4541
Epoch 1/5, Batch 1110/2746, Loss: 2.4585
Epoch 1/5, Batch 1120/2746, Loss: 2.4616
Epoch 1/5, Batch 1130/2746, Loss: 2.4762
Epoch 1/5, Batch 1140/2746, Loss: 2.4452
Epoch 1/5, Batch 1150/2746, Loss: 2.5170
Epoch 1/5, Batch 1160/2746, Loss: 2.4167
Epoch 1/5, Batch 1170/2746, Loss: 2.4494
Epoch 1/5, Batch 1180/2746, Loss: 2.4448
Epoch 1/5, Batch 1190/2746, Loss: 2.4581
Epoch 1/5, Batch 1200/2746, Loss: 2.3914
Epoch 1/5, Batch 1210/2746, Loss: 2.3339
Epoch 1/5, Batch 1220/2746, Loss: 2.4402
Epoch 1/5, Batch 1230/2746, Loss: 2.3815
Epoch 1/5, Batch 1240/2746, Loss: 2.4003
Epoch 1/5, Batch 1250/2746, Loss: 2.3920
Epoch 1/5, Batch 1260/2746, Loss: 2.4302
Epoch 1/5, Batch 1270/2746, Loss: 2.3813
Epoch 1/5, Batch 1280/2746, Loss: 2.3877
Epoch 1/5, Batch 1290/2746, Loss: 2.4179
Epoch 1/5, Batch 1300/2746, Loss: 2.3667
Epoch 1/5, Batch 1310/2746, Loss: 2.4362
Epoch 1/5, Batch 1320/2746, Loss: 2.3819
Epoch 1/5, Batch 1330/2746, Loss: 2.3032
Epoch 1/5, Batch 1340/2746, Loss: 2.3616
Epoch 1/5, Batch 1350/2746, Loss: 2.3743
Epoch 1/5, Batch 1360/2746, Loss: 2.3381
Epoch 1/5, Batch 1370/2746, Loss: 2.3306
Epoch 1/5, Batch 1380/2746, Loss: 2.3063
Epoch 1/5, Batch 1390/2746, Loss: 2.3090
Epoch 1/5, Batch 1400/2746, Loss: 2.3666
Epoch 1/5, Batch 1410/2746, Loss: 2.3533
Epoch 1/5, Batch 1420/2746, Loss: 2.3528
Epoch 1/5, Batch 1430/2746, Loss: 2.3199
Epoch 1/5, Batch 1440/2746, Loss: 2.3255
Epoch 1/5, Batch 1450/2746, Loss: 2.3142
Epoch 1/5, Batch 1460/2746, Loss: 2.3150
Epoch 1/5, Batch 1470/2746, Loss: 2.2694
Epoch 1/5, Batch 1480/2746, Loss: 2.3119
Epoch 1/5, Batch 1490/2746, Loss: 2.4003
Epoch 1/5, Batch 1500/2746, Loss: 2.3576
Epoch 1/5, Batch 1510/2746, Loss: 2.3046
Epoch 1/5, Batch 1520/2746, Loss: 2.2809
Epoch 1/5, Batch 1530/2746, Loss: 2.2626
Epoch 1/5, Batch 1540/2746, Loss: 2.2958
Epoch 1/5, Batch 1550/2746, Loss: 2.2941
Epoch 1/5, Batch 1560/2746, Loss: 2.2872
Epoch 1/5, Batch 1570/2746, Loss: 2.3116
Epoch 1/5, Batch 1580/2746, Loss: 2.2445
Epoch 1/5, Batch 1590/2746, Loss: 2.2996
Epoch 1/5, Batch 1600/2746, Loss: 2.2641
Epoch 1/5, Batch 1610/2746, Loss: 2.2645
Epoch 1/5, Batch 1620/2746, Loss: 2.2700
Epoch 1/5, Batch 1630/2746, Loss: 2.2017
Epoch 1/5, Batch 1640/2746, Loss: 2.3066
Epoch 1/5, Batch 1650/2746, Loss: 2.2632
Epoch 1/5, Batch 1660/2746, Loss: 2.2703
Epoch 1/5, Batch 1670/2746, Loss: 2.2131
Epoch 1/5, Batch 1680/2746, Loss: 2.2956
Epoch 1/5, Batch 1690/2746, Loss: 2.2326
Epoch 1/5, Batch 1700/2746, Loss: 2.2309
Epoch 1/5, Batch 1710/2746, Loss: 2.2843
Epoch 1/5, Batch 1720/2746, Loss: 2.2549
Epoch 1/5, Batch 1730/2746, Loss: 2.2211
Epoch 1/5, Batch 1740/2746, Loss: 2.2212
Epoch 1/5, Batch 1750/2746, Loss: 2.2150
Epoch 1/5, Batch 1760/2746, Loss: 2.1726
Epoch 1/5, Batch 1770/2746, Loss: 2.1625
Epoch 1/5, Batch 1780/2746, Loss: 2.3197
Epoch 1/5, Batch 1790/2746, Loss: 2.1456
Epoch 1/5, Batch 1800/2746, Loss: 2.1810
Epoch 1/5, Batch 1810/2746, Loss: 2.1564
Epoch 1/5, Batch 1820/2746, Loss: 2.2009
Epoch 1/5, Batch 1830/2746, Loss: 2.2324
Epoch 1/5, Batch 1840/2746, Loss: 2.1604
Epoch 1/5, Batch 1850/2746, Loss: 2.1770
Epoch 1/5, Batch 1860/2746, Loss: 2.2586
Epoch 1/5, Batch 1870/2746, Loss: 2.1647
Epoch 1/5, Batch 1880/2746, Loss: 2.1387
Epoch 1/5, Batch 1890/2746, Loss: 2.1568
Epoch 1/5, Batch 1900/2746, Loss: 2.1686
Epoch 1/5, Batch 1910/2746, Loss: 2.1320
Epoch 1/5, Batch 1920/2746, Loss: 2.1431
Epoch 1/5, Batch 1930/2746, Loss: 2.0887
Epoch 1/5, Batch 1940/2746, Loss: 2.0262
Epoch 1/5, Batch 1950/2746, Loss: 2.1336
Epoch 1/5, Batch 1960/2746, Loss: 2.1049
Epoch 1/5, Batch 1970/2746, Loss: 2.1144
Epoch 1/5, Batch 1980/2746, Loss: 2.1023
Epoch 1/5, Batch 1990/2746, Loss: 2.1512
Epoch 1/5, Batch 2000/2746, Loss: 2.0797
Epoch 1/5, Batch 2010/2746, Loss: 2.1433
Epoch 1/5, Batch 2020/2746, Loss: 2.1014
Epoch 1/5, Batch 2030/2746, Loss: 2.1222
Epoch 1/5, Batch 2040/2746, Loss: 2.0748
Epoch 1/5, Batch 2050/2746, Loss: 2.0631
Epoch 1/5, Batch 2060/2746, Loss: 2.0691
Epoch 1/5, Batch 2070/2746, Loss: 2.0401
Epoch 1/5, Batch 2080/2746, Loss: 2.0331
Epoch 1/5, Batch 2090/2746, Loss: 2.0623
Epoch 1/5, Batch 2100/2746, Loss: 2.1157
Epoch 1/5, Batch 2110/2746, Loss: 2.1551
Epoch 1/5, Batch 2120/2746, Loss: 2.0468
Epoch 1/5, Batch 2130/2746, Loss: 2.1060
Epoch 1/5, Batch 2140/2746, Loss: 2.0440
Epoch 1/5, Batch 2150/2746, Loss: 2.0588
Epoch 1/5, Batch 2160/2746, Loss: 2.0165
Epoch 1/5, Batch 2170/2746, Loss: 2.1067
Epoch 1/5, Batch 2180/2746, Loss: 2.0622
Epoch 1/5, Batch 2190/2746, Loss: 2.1209
Epoch 1/5, Batch 2200/2746, Loss: 2.1952
Epoch 1/5, Batch 2210/2746, Loss: 1.9866
Epoch 1/5, Batch 2220/2746, Loss: 2.0224
Epoch 1/5, Batch 2230/2746, Loss: 2.1043
Epoch 1/5, Batch 2240/2746, Loss: 2.1204
Epoch 1/5, Batch 2250/2746, Loss: 2.1042
Epoch 1/5, Batch 2260/2746, Loss: 2.1388
Epoch 1/5, Batch 2270/2746, Loss: 2.0058
Epoch 1/5, Batch 2280/2746, Loss: 2.0458
Epoch 1/5, Batch 2290/2746, Loss: 1.9915
Epoch 1/5, Batch 2300/2746, Loss: 2.0518
Epoch 1/5, Batch 2310/2746, Loss: 2.0059
Epoch 1/5, Batch 2320/2746, Loss: 2.0675
Epoch 1/5, Batch 2330/2746, Loss: 2.0907
Epoch 1/5, Batch 2340/2746, Loss: 2.0483
Epoch 1/5, Batch 2350/2746, Loss: 2.0415
Epoch 1/5, Batch 2360/2746, Loss: 2.0695
Epoch 1/5, Batch 2370/2746, Loss: 2.0841
Epoch 1/5, Batch 2380/2746, Loss: 1.9339
Epoch 1/5, Batch 2390/2746, Loss: 2.1548
Epoch 1/5, Batch 2400/2746, Loss: 2.0314
Epoch 1/5, Batch 2410/2746, Loss: 1.9864
Epoch 1/5, Batch 2420/2746, Loss: 2.0293
Epoch 1/5, Batch 2430/2746, Loss: 2.0491
Epoch 1/5, Batch 2440/2746, Loss: 1.9985
Epoch 1/5, Batch 2450/2746, Loss: 2.0006
Epoch 1/5, Batch 2460/2746, Loss: 1.9075
Epoch 1/5, Batch 2470/2746, Loss: 1.9728
Epoch 1/5, Batch 2480/2746, Loss: 1.9430
Epoch 1/5, Batch 2490/2746, Loss: 1.9634
Epoch 1/5, Batch 2500/2746, Loss: 2.0520
Epoch 1/5, Batch 2510/2746, Loss: 2.0109
Epoch 1/5, Batch 2520/2746, Loss: 2.0178
Epoch 1/5, Batch 2530/2746, Loss: 2.0568
Epoch 1/5, Batch 2540/2746, Loss: 2.0419
Epoch 1/5, Batch 2550/2746, Loss: 1.9270
Epoch 1/5, Batch 2560/2746, Loss: 1.9401
Epoch 1/5, Batch 2570/2746, Loss: 2.0070
Epoch 1/5, Batch 2580/2746, Loss: 1.9484
Epoch 1/5, Batch 2590/2746, Loss: 2.0019
Epoch 1/5, Batch 2600/2746, Loss: 1.9798
Epoch 1/5, Batch 2610/2746, Loss: 2.0216
Epoch 1/5, Batch 2620/2746, Loss: 1.9454
Epoch 1/5, Batch 2630/2746, Loss: 1.9973
Epoch 1/5, Batch 2640/2746, Loss: 1.9091
Epoch 1/5, Batch 2650/2746, Loss: 1.9243
Epoch 1/5, Batch 2660/2746, Loss: 1.9524
Epoch 1/5, Batch 2670/2746, Loss: 1.9411
Epoch 1/5, Batch 2680/2746, Loss: 1.9580
Epoch 1/5, Batch 2690/2746, Loss: 1.9951
Epoch 1/5, Batch 2700/2746, Loss: 1.8829
Epoch 1/5, Batch 2710/2746, Loss: 1.9831
Epoch 1/5, Batch 2720/2746, Loss: 1.8722
Epoch 1/5, Batch 2730/2746, Loss: 1.9629
Epoch 1/5, Batch 2740/2746, Loss: 1.9248
New best model with validation loss: 1.7467, perplexity: 5.74
Epoch 1/5, Loss: 2.4706, Perplexity: 11.83, Val Loss: 1.7467, Val Perplexity: 5.74, Time: 3630.68s
Epoch 2/5, Batch 10/2746, Loss: 2.0612
Epoch 2/5, Batch 20/2746, Loss: 1.9733
Epoch 2/5, Batch 30/2746, Loss: 1.9416
Epoch 2/5, Batch 40/2746, Loss: 1.9284
Epoch 2/5, Batch 50/2746, Loss: 1.9958
Epoch 2/5, Batch 60/2746, Loss: 1.8968
Epoch 2/5, Batch 70/2746, Loss: 1.8840
Epoch 2/5, Batch 80/2746, Loss: 1.9515
Epoch 2/5, Batch 90/2746, Loss: 1.9067
Epoch 2/5, Batch 100/2746, Loss: 1.8678
Epoch 2/5, Batch 110/2746, Loss: 2.0271
Epoch 2/5, Batch 120/2746, Loss: 1.8746
Epoch 2/5, Batch 130/2746, Loss: 1.8486
Epoch 2/5, Batch 140/2746, Loss: 1.9048
Epoch 2/5, Batch 150/2746, Loss: 1.7772
Epoch 2/5, Batch 160/2746, Loss: 1.8644
Epoch 2/5, Batch 170/2746, Loss: 1.8943
Epoch 2/5, Batch 180/2746, Loss: 1.8766
Epoch 2/5, Batch 190/2746, Loss: 1.9223
Epoch 2/5, Batch 200/2746, Loss: 1.9451
Epoch 2/5, Batch 210/2746, Loss: 2.0090
Epoch 2/5, Batch 220/2746, Loss: 1.8236
Epoch 2/5, Batch 230/2746, Loss: 1.9607
Epoch 2/5, Batch 240/2746, Loss: 1.9441
Epoch 2/5, Batch 250/2746, Loss: 1.9188
Epoch 2/5, Batch 260/2746, Loss: 1.8789
Epoch 2/5, Batch 270/2746, Loss: 1.8831
Epoch 2/5, Batch 280/2746, Loss: 1.8898
Epoch 2/5, Batch 290/2746, Loss: 1.9136
Epoch 2/5, Batch 300/2746, Loss: 1.8748
Epoch 2/5, Batch 310/2746, Loss: 1.8070
Epoch 2/5, Batch 320/2746, Loss: 1.7998
Epoch 2/5, Batch 330/2746, Loss: 1.8438
Epoch 2/5, Batch 340/2746, Loss: 1.8091
Epoch 2/5, Batch 350/2746, Loss: 1.7153
Epoch 2/5, Batch 360/2746, Loss: 1.8111
Epoch 2/5, Batch 370/2746, Loss: 1.8273
Epoch 2/5, Batch 380/2746, Loss: 1.7664
Epoch 2/5, Batch 390/2746, Loss: 1.8251
Epoch 2/5, Batch 400/2746, Loss: 2.0883
Epoch 2/5, Batch 410/2746, Loss: 1.8551
Epoch 2/5, Batch 420/2746, Loss: 1.9561
Epoch 2/5, Batch 430/2746, Loss: 1.8158
Epoch 2/5, Batch 440/2746, Loss: 1.7690
Epoch 2/5, Batch 450/2746, Loss: 1.8107
Epoch 2/5, Batch 460/2746, Loss: 1.9934
Epoch 2/5, Batch 470/2746, Loss: 1.8415
Epoch 2/5, Batch 480/2746, Loss: 1.8141
Epoch 2/5, Batch 490/2746, Loss: 1.7933
Epoch 2/5, Batch 500/2746, Loss: 1.8733
Epoch 2/5, Batch 510/2746, Loss: 1.7414
Epoch 2/5, Batch 520/2746, Loss: 1.7348
Epoch 2/5, Batch 530/2746, Loss: 1.8220
Epoch 2/5, Batch 540/2746, Loss: 1.8381
Epoch 2/5, Batch 550/2746, Loss: 1.8949
Epoch 2/5, Batch 560/2746, Loss: 1.6974
Epoch 2/5, Batch 570/2746, Loss: 1.7540
Epoch 2/5, Batch 580/2746, Loss: 1.7421
Epoch 2/5, Batch 590/2746, Loss: 1.6939
Epoch 2/5, Batch 600/2746, Loss: 1.7269
Epoch 2/5, Batch 610/2746, Loss: 1.7843
Epoch 2/5, Batch 620/2746, Loss: 1.7691
Epoch 2/5, Batch 630/2746, Loss: 1.7659
Epoch 2/5, Batch 640/2746, Loss: 1.7968
Epoch 2/5, Batch 650/2746, Loss: 1.7579
Epoch 2/5, Batch 660/2746, Loss: 1.7497
Epoch 2/5, Batch 670/2746, Loss: 1.7525
Epoch 2/5, Batch 680/2746, Loss: 1.9563
Epoch 2/5, Batch 690/2746, Loss: 1.9367
Epoch 2/5, Batch 700/2746, Loss: 1.6843
Epoch 2/5, Batch 710/2746, Loss: 1.6713
Epoch 2/5, Batch 720/2746, Loss: 1.8216
Epoch 2/5, Batch 730/2746, Loss: 1.7398
Epoch 2/5, Batch 740/2746, Loss: 1.7506
Epoch 2/5, Batch 750/2746, Loss: 1.6983
Epoch 2/5, Batch 760/2746, Loss: 1.6903
Epoch 2/5, Batch 770/2746, Loss: 1.6822
Epoch 2/5, Batch 780/2746, Loss: 1.7208
Epoch 2/5, Batch 790/2746, Loss: 1.7413
Epoch 2/5, Batch 800/2746, Loss: 1.8007
Epoch 2/5, Batch 810/2746, Loss: 1.7055
Epoch 2/5, Batch 820/2746, Loss: 1.7093
Epoch 2/5, Batch 830/2746, Loss: 1.7192
Epoch 2/5, Batch 840/2746, Loss: 1.6976
Epoch 2/5, Batch 850/2746, Loss: 1.6731
Epoch 2/5, Batch 860/2746, Loss: 1.6858
Epoch 2/5, Batch 870/2746, Loss: 1.7304
Epoch 2/5, Batch 880/2746, Loss: 1.7463
Epoch 2/5, Batch 890/2746, Loss: 1.7360
Epoch 2/5, Batch 900/2746, Loss: 1.6831
Epoch 2/5, Batch 910/2746, Loss: 1.6727
Epoch 2/5, Batch 920/2746, Loss: 1.8409
Epoch 2/5, Batch 930/2746, Loss: 1.6543
Epoch 2/5, Batch 940/2746, Loss: 1.7309
Epoch 2/5, Batch 950/2746, Loss: 1.7287
Epoch 2/5, Batch 960/2746, Loss: 1.7722
Epoch 2/5, Batch 970/2746, Loss: 1.7346
Epoch 2/5, Batch 980/2746, Loss: 1.7489
Epoch 2/5, Batch 990/2746, Loss: 1.8905
Epoch 2/5, Batch 1000/2746, Loss: 1.7599
Epoch 2/5, Batch 1010/2746, Loss: 1.6629
Epoch 2/5, Batch 1020/2746, Loss: 1.7201
Epoch 2/5, Batch 1030/2746, Loss: 1.6673
Epoch 2/5, Batch 1040/2746, Loss: 1.8144
Epoch 2/5, Batch 1050/2746, Loss: 1.7529
Epoch 2/5, Batch 1060/2746, Loss: 1.7108
Epoch 2/5, Batch 1070/2746, Loss: 1.7838
Epoch 2/5, Batch 1080/2746, Loss: 1.6313
Epoch 2/5, Batch 1090/2746, Loss: 1.5947
Epoch 2/5, Batch 1100/2746, Loss: 1.6388
Epoch 2/5, Batch 1110/2746, Loss: 1.6334
Epoch 2/5, Batch 1120/2746, Loss: 1.7526
Epoch 2/5, Batch 1130/2746, Loss: 1.7497
Epoch 2/5, Batch 1140/2746, Loss: 1.6360
Epoch 2/5, Batch 1150/2746, Loss: 1.6896
Epoch 2/5, Batch 1160/2746, Loss: 1.5899
Epoch 2/5, Batch 1170/2746, Loss: 1.6132
Epoch 2/5, Batch 1180/2746, Loss: 1.6539
Epoch 2/5, Batch 1190/2746, Loss: 1.6758
Epoch 2/5, Batch 1200/2746, Loss: 1.6196
Epoch 2/5, Batch 1210/2746, Loss: 1.5331
Epoch 2/5, Batch 1220/2746, Loss: 1.6436
Epoch 2/5, Batch 1230/2746, Loss: 1.6174
Epoch 2/5, Batch 1240/2746, Loss: 1.6106
Epoch 2/5, Batch 1250/2746, Loss: 1.6536
Epoch 2/5, Batch 1260/2746, Loss: 1.7361
Epoch 2/5, Batch 1270/2746, Loss: 1.6179
Epoch 2/5, Batch 1280/2746, Loss: 1.6250
Epoch 2/5, Batch 1290/2746, Loss: 1.6438
Epoch 2/5, Batch 1300/2746, Loss: 1.7369
Epoch 2/5, Batch 1310/2746, Loss: 1.7058
Epoch 2/5, Batch 1320/2746, Loss: 1.6527
Epoch 2/5, Batch 1330/2746, Loss: 1.5460
Epoch 2/5, Batch 1340/2746, Loss: 1.6396
Epoch 2/5, Batch 1350/2746, Loss: 1.6497
Epoch 2/5, Batch 1360/2746, Loss: 1.6609
Epoch 2/5, Batch 1370/2746, Loss: 1.6242
Epoch 2/5, Batch 1380/2746, Loss: 1.6842
Epoch 2/5, Batch 1390/2746, Loss: 1.6757
Epoch 2/5, Batch 1400/2746, Loss: 1.5838
Epoch 2/5, Batch 1410/2746, Loss: 1.6891
Epoch 2/5, Batch 1420/2746, Loss: 1.6717
Epoch 2/5, Batch 1430/2746, Loss: 1.6407
Epoch 2/5, Batch 1440/2746, Loss: 1.6991
Epoch 2/5, Batch 1450/2746, Loss: 1.6018
Epoch 2/5, Batch 1460/2746, Loss: 1.5821
Epoch 2/5, Batch 1470/2746, Loss: 1.5740
Epoch 2/5, Batch 1480/2746, Loss: 1.6418
Epoch 2/5, Batch 1490/2746, Loss: 1.6928
Epoch 2/5, Batch 1500/2746, Loss: 1.6204
Epoch 2/5, Batch 1510/2746, Loss: 1.6623
Epoch 2/5, Batch 1520/2746, Loss: 1.6902
Epoch 2/5, Batch 1530/2746, Loss: 1.5938
Epoch 2/5, Batch 1540/2746, Loss: 1.6508
Epoch 2/5, Batch 1550/2746, Loss: 1.6251
Epoch 2/5, Batch 1560/2746, Loss: 1.5732
Epoch 2/5, Batch 1570/2746, Loss: 1.6710
Epoch 2/5, Batch 1580/2746, Loss: 1.6222
Epoch 2/5, Batch 1590/2746, Loss: 1.6352
Epoch 2/5, Batch 1600/2746, Loss: 1.6110
Epoch 2/5, Batch 1610/2746, Loss: 1.6082
Epoch 2/5, Batch 1620/2746, Loss: 1.6275
Epoch 2/5, Batch 1630/2746, Loss: 1.5810
Epoch 2/5, Batch 1640/2746, Loss: 1.6176
Epoch 2/5, Batch 1650/2746, Loss: 1.6404
Epoch 2/5, Batch 1660/2746, Loss: 1.6056
Epoch 2/5, Batch 1670/2746, Loss: 1.5937
Epoch 2/5, Batch 1680/2746, Loss: 1.6218
Epoch 2/5, Batch 1690/2746, Loss: 1.5886
Epoch 2/5, Batch 1700/2746, Loss: 1.6020
Epoch 2/5, Batch 1710/2746, Loss: 1.6547
Epoch 2/5, Batch 1720/2746, Loss: 1.6278
Epoch 2/5, Batch 1730/2746, Loss: 1.5769
Epoch 2/5, Batch 1740/2746, Loss: 1.7026
Epoch 2/5, Batch 1750/2746, Loss: 1.5605
Epoch 2/5, Batch 1760/2746, Loss: 1.5525
Epoch 2/5, Batch 1770/2746, Loss: 1.5558
Epoch 2/5, Batch 1780/2746, Loss: 1.5954
Epoch 2/5, Batch 1790/2746, Loss: 1.5833
Epoch 2/5, Batch 1800/2746, Loss: 1.5291
Epoch 2/5, Batch 1810/2746, Loss: 1.5882
Epoch 2/5, Batch 1820/2746, Loss: 1.6111
Epoch 2/5, Batch 1830/2746, Loss: 1.5806
Epoch 2/5, Batch 1840/2746, Loss: 1.6466
Epoch 2/5, Batch 1850/2746, Loss: 1.5800
Epoch 2/5, Batch 1860/2746, Loss: 1.6438
Epoch 2/5, Batch 1870/2746, Loss: 1.5710
Epoch 2/5, Batch 1880/2746, Loss: 1.5824
Epoch 2/5, Batch 1890/2746, Loss: 1.5785
Epoch 2/5, Batch 1900/2746, Loss: 1.7320
Epoch 2/5, Batch 1910/2746, Loss: 1.6000
Epoch 2/5, Batch 1920/2746, Loss: 1.5895
Epoch 2/5, Batch 1930/2746, Loss: 1.5142
Epoch 2/5, Batch 1940/2746, Loss: 1.4851
Epoch 2/5, Batch 1950/2746, Loss: 1.6208
Epoch 2/5, Batch 1960/2746, Loss: 1.5522
Epoch 2/5, Batch 1970/2746, Loss: 1.5799
Epoch 2/5, Batch 1980/2746, Loss: 1.6330
Epoch 2/5, Batch 1990/2746, Loss: 1.5813
Epoch 2/5, Batch 2000/2746, Loss: 1.5360
Epoch 2/5, Batch 2010/2746, Loss: 1.6079
Epoch 2/5, Batch 2020/2746, Loss: 1.4903
Epoch 2/5, Batch 2030/2746, Loss: 1.5489
Epoch 2/5, Batch 2040/2746, Loss: 1.5913
Epoch 2/5, Batch 2050/2746, Loss: 1.6582
Epoch 2/5, Batch 2060/2746, Loss: 1.5525
Epoch 2/5, Batch 2070/2746, Loss: 1.5105
Epoch 2/5, Batch 2080/2746, Loss: 1.5735
Epoch 2/5, Batch 2090/2746, Loss: 1.5216
Epoch 2/5, Batch 2100/2746, Loss: 1.5904
Epoch 2/5, Batch 2110/2746, Loss: 1.6190
Epoch 2/5, Batch 2120/2746, Loss: 1.5613
Epoch 2/5, Batch 2130/2746, Loss: 1.5578
Epoch 2/5, Batch 2140/2746, Loss: 1.5639
Epoch 2/5, Batch 2150/2746, Loss: 1.5657
Epoch 2/5, Batch 2160/2746, Loss: 1.4968
Epoch 2/5, Batch 2170/2746, Loss: 1.5261
Epoch 2/5, Batch 2180/2746, Loss: 1.5198
Epoch 2/5, Batch 2190/2746, Loss: 1.5602
Epoch 2/5, Batch 2200/2746, Loss: 1.6069
Epoch 2/5, Batch 2210/2746, Loss: 1.4802
Epoch 2/5, Batch 2220/2746, Loss: 1.5133
Epoch 2/5, Batch 2230/2746, Loss: 1.5340
Epoch 2/5, Batch 2240/2746, Loss: 1.5862
Epoch 2/5, Batch 2250/2746, Loss: 1.5651
Epoch 2/5, Batch 2260/2746, Loss: 1.6572
Epoch 2/5, Batch 2270/2746, Loss: 1.5271
Epoch 2/5, Batch 2280/2746, Loss: 1.7694
Epoch 2/5, Batch 2290/2746, Loss: 1.4828
Epoch 2/5, Batch 2300/2746, Loss: 1.5210
Epoch 2/5, Batch 2310/2746, Loss: 1.5087
Epoch 2/5, Batch 2320/2746, Loss: 1.5404
Epoch 2/5, Batch 2330/2746, Loss: 1.5663
Epoch 2/5, Batch 2340/2746, Loss: 1.5458
Epoch 2/5, Batch 2350/2746, Loss: 1.5684
Epoch 2/5, Batch 2360/2746, Loss: 1.5939
Epoch 2/5, Batch 2370/2746, Loss: 1.5842
Epoch 2/5, Batch 2380/2746, Loss: 1.7034
Epoch 2/5, Batch 2390/2746, Loss: 1.5607
Epoch 2/5, Batch 2400/2746, Loss: 1.5313
Epoch 2/5, Batch 2410/2746, Loss: 1.6115
Epoch 2/5, Batch 2420/2746, Loss: 1.5656
Epoch 2/5, Batch 2430/2746, Loss: 1.5821
Epoch 2/5, Batch 2440/2746, Loss: 1.5408
Epoch 2/5, Batch 2450/2746, Loss: 1.5265
Epoch 2/5, Batch 2460/2746, Loss: 1.4511
Epoch 2/5, Batch 2470/2746, Loss: 1.4988
Epoch 2/5, Batch 2480/2746, Loss: 1.4923
Epoch 2/5, Batch 2490/2746, Loss: 1.5810
Epoch 2/5, Batch 2500/2746, Loss: 1.5947
Epoch 2/5, Batch 2510/2746, Loss: 1.5564
Epoch 2/5, Batch 2520/2746, Loss: 1.5335
Epoch 2/5, Batch 2530/2746, Loss: 1.6434
Epoch 2/5, Batch 2540/2746, Loss: 1.5604
Epoch 2/5, Batch 2550/2746, Loss: 1.5061
Epoch 2/5, Batch 2560/2746, Loss: 1.4905
Epoch 2/5, Batch 2570/2746, Loss: 1.5438
Epoch 2/5, Batch 2580/2746, Loss: 1.4991
Epoch 2/5, Batch 2590/2746, Loss: 1.4618
Epoch 2/5, Batch 2600/2746, Loss: 1.5285
Epoch 2/5, Batch 2610/2746, Loss: 1.5455
Epoch 2/5, Batch 2620/2746, Loss: 1.5347
Epoch 2/5, Batch 2630/2746, Loss: 1.4837
Epoch 2/5, Batch 2640/2746, Loss: 1.5031
Epoch 2/5, Batch 2650/2746, Loss: 1.5753
Epoch 2/5, Batch 2660/2746, Loss: 1.6252
Epoch 2/5, Batch 2670/2746, Loss: 1.5572
Epoch 2/5, Batch 2680/2746, Loss: 1.5316
Epoch 2/5, Batch 2690/2746, Loss: 1.5085
Epoch 2/5, Batch 2700/2746, Loss: 1.4445
Epoch 2/5, Batch 2710/2746, Loss: 1.5649
Epoch 2/5, Batch 2720/2746, Loss: 1.4738
Epoch 2/5, Batch 2730/2746, Loss: 1.5123
Epoch 2/5, Batch 2740/2746, Loss: 1.5089
New best model with validation loss: 1.3039, perplexity: 3.68
Epoch 2/5, Loss: 1.6746, Perplexity: 5.34, Val Loss: 1.3039, Val Perplexity: 3.68, Time: 3626.23s
Epoch 3/5, Batch 10/2746, Loss: 1.5222
Epoch 3/5, Batch 20/2746, Loss: 1.5420
Epoch 3/5, Batch 30/2746, Loss: 1.4941
Epoch 3/5, Batch 40/2746, Loss: 1.5853
Epoch 3/5, Batch 50/2746, Loss: 1.5591
Epoch 3/5, Batch 60/2746, Loss: 1.4918
Epoch 3/5, Batch 70/2746, Loss: 1.4907
Epoch 3/5, Batch 80/2746, Loss: 1.5262
Epoch 3/5, Batch 90/2746, Loss: 1.5749
Epoch 3/5, Batch 100/2746, Loss: 1.4598
Epoch 3/5, Batch 110/2746, Loss: 1.6463
Epoch 3/5, Batch 120/2746, Loss: 1.4585
Epoch 3/5, Batch 130/2746, Loss: 1.5848
Epoch 3/5, Batch 140/2746, Loss: 1.4950
Epoch 3/5, Batch 150/2746, Loss: 1.4053
Epoch 3/5, Batch 160/2746, Loss: 1.4746
Epoch 3/5, Batch 170/2746, Loss: 1.5415
Epoch 3/5, Batch 180/2746, Loss: 1.6305
Epoch 3/5, Batch 190/2746, Loss: 1.5335
Epoch 3/5, Batch 200/2746, Loss: 1.6329
Epoch 3/5, Batch 210/2746, Loss: 1.5386
Epoch 3/5, Batch 220/2746, Loss: 1.5315
Epoch 3/5, Batch 230/2746, Loss: 1.6090
Epoch 3/5, Batch 240/2746, Loss: 1.6257
Epoch 3/5, Batch 250/2746, Loss: 1.5759
Epoch 3/5, Batch 260/2746, Loss: 1.5707
Epoch 3/5, Batch 270/2746, Loss: 1.5304
Epoch 3/5, Batch 280/2746, Loss: 1.6794
Epoch 3/5, Batch 290/2746, Loss: 1.4387
Epoch 3/5, Batch 300/2746, Loss: 1.5386
Epoch 3/5, Batch 310/2746, Loss: 1.4644
Epoch 3/5, Batch 320/2746, Loss: 1.4661
Epoch 3/5, Batch 330/2746, Loss: 1.6618
Epoch 3/5, Batch 340/2746, Loss: 1.6311
Epoch 3/5, Batch 350/2746, Loss: 1.3846
Epoch 3/5, Batch 360/2746, Loss: 1.5062
Epoch 3/5, Batch 370/2746, Loss: 1.4813
Epoch 3/5, Batch 380/2746, Loss: 1.4185
Epoch 3/5, Batch 390/2746, Loss: 1.5256
Epoch 3/5, Batch 400/2746, Loss: 1.5918
Epoch 3/5, Batch 410/2746, Loss: 1.5290
Epoch 3/5, Batch 420/2746, Loss: 1.4469
Epoch 3/5, Batch 430/2746, Loss: 1.4971
Epoch 3/5, Batch 440/2746, Loss: 1.4668
Epoch 3/5, Batch 450/2746, Loss: 1.4911
Epoch 3/5, Batch 460/2746, Loss: 1.5964
Epoch 3/5, Batch 470/2746, Loss: 1.5392
Epoch 3/5, Batch 480/2746, Loss: 1.4933
Epoch 3/5, Batch 490/2746, Loss: 1.5020
Epoch 3/5, Batch 500/2746, Loss: 1.5746
Epoch 3/5, Batch 510/2746, Loss: 1.7488
Epoch 3/5, Batch 520/2746, Loss: 1.4289
Epoch 3/5, Batch 530/2746, Loss: 1.5388
Epoch 3/5, Batch 540/2746, Loss: 1.5268
Epoch 3/5, Batch 550/2746, Loss: 1.5050
Epoch 3/5, Batch 560/2746, Loss: 1.4022
Epoch 3/5, Batch 570/2746, Loss: 1.4343
Epoch 3/5, Batch 580/2746, Loss: 1.4093
Epoch 3/5, Batch 590/2746, Loss: 1.3801
Epoch 3/5, Batch 600/2746, Loss: 1.4217
Epoch 3/5, Batch 610/2746, Loss: 1.4668
Epoch 3/5, Batch 620/2746, Loss: 1.5991
Epoch 3/5, Batch 630/2746, Loss: 1.4883
Epoch 3/5, Batch 640/2746, Loss: 1.4606
Epoch 3/5, Batch 650/2746, Loss: 1.4716
Epoch 3/5, Batch 660/2746, Loss: 1.4471
Epoch 3/5, Batch 670/2746, Loss: 1.4905
Epoch 3/5, Batch 680/2746, Loss: 1.5582
Epoch 3/5, Batch 690/2746, Loss: 1.4710
Epoch 3/5, Batch 700/2746, Loss: 1.4168
Epoch 3/5, Batch 710/2746, Loss: 1.3738
Epoch 3/5, Batch 720/2746, Loss: 1.4750
Epoch 3/5, Batch 730/2746, Loss: 1.4634
Epoch 3/5, Batch 740/2746, Loss: 1.4515
Epoch 3/5, Batch 750/2746, Loss: 1.4153
Epoch 3/5, Batch 760/2746, Loss: 1.4225
Epoch 3/5, Batch 770/2746, Loss: 1.4038
Epoch 3/5, Batch 780/2746, Loss: 1.5503
Epoch 3/5, Batch 790/2746, Loss: 1.5409
Epoch 3/5, Batch 800/2746, Loss: 1.6456
Epoch 3/5, Batch 810/2746, Loss: 1.4351
Epoch 3/5, Batch 820/2746, Loss: 1.4339
Epoch 3/5, Batch 830/2746, Loss: 1.4451
Epoch 3/5, Batch 840/2746, Loss: 1.4728
Epoch 3/5, Batch 850/2746, Loss: 1.4133
Epoch 3/5, Batch 860/2746, Loss: 1.6671
Epoch 3/5, Batch 870/2746, Loss: 1.4997
Epoch 3/5, Batch 880/2746, Loss: 1.5918
Epoch 3/5, Batch 890/2746, Loss: 1.4887
Epoch 3/5, Batch 900/2746, Loss: 1.4481
Epoch 3/5, Batch 910/2746, Loss: 1.4325
Epoch 3/5, Batch 920/2746, Loss: 1.4249
Epoch 3/5, Batch 930/2746, Loss: 1.4157
Epoch 3/5, Batch 940/2746, Loss: 1.4162
Epoch 3/5, Batch 950/2746, Loss: 1.5429
Epoch 3/5, Batch 960/2746, Loss: 1.5112
Epoch 3/5, Batch 970/2746, Loss: 1.4998
Epoch 3/5, Batch 980/2746, Loss: 1.4510
Epoch 3/5, Batch 990/2746, Loss: 1.5423
Epoch 3/5, Batch 1000/2746, Loss: 1.5766
Epoch 3/5, Batch 1010/2746, Loss: 1.4328
Epoch 3/5, Batch 1020/2746, Loss: 1.4783
Epoch 3/5, Batch 1030/2746, Loss: 1.4294
Epoch 3/5, Batch 1040/2746, Loss: 1.4121
Epoch 3/5, Batch 1050/2746, Loss: 1.5045
Epoch 3/5, Batch 1060/2746, Loss: 1.4805
Epoch 3/5, Batch 1070/2746, Loss: 1.3975
Epoch 3/5, Batch 1080/2746, Loss: 1.4672
Epoch 3/5, Batch 1090/2746, Loss: 1.3684
Epoch 3/5, Batch 1100/2746, Loss: 1.4200
Epoch 3/5, Batch 1110/2746, Loss: 1.4018
Epoch 3/5, Batch 1120/2746, Loss: 1.5119
Epoch 3/5, Batch 1130/2746, Loss: 1.4287
Epoch 3/5, Batch 1140/2746, Loss: 1.4218
Epoch 3/5, Batch 1150/2746, Loss: 1.5197
Epoch 3/5, Batch 1160/2746, Loss: 1.3553
Epoch 3/5, Batch 1170/2746, Loss: 1.3979
Epoch 3/5, Batch 1180/2746, Loss: 1.4440
Epoch 3/5, Batch 1190/2746, Loss: 1.4640
Epoch 3/5, Batch 1200/2746, Loss: 1.4039
Epoch 3/5, Batch 1210/2746, Loss: 1.3186
Epoch 3/5, Batch 1220/2746, Loss: 1.4181
Epoch 3/5, Batch 1230/2746, Loss: 1.3997
Epoch 3/5, Batch 1240/2746, Loss: 1.3934
Epoch 3/5, Batch 1250/2746, Loss: 1.4518
Epoch 3/5, Batch 1260/2746, Loss: 1.4618
Epoch 3/5, Batch 1270/2746, Loss: 1.4115
Epoch 3/5, Batch 1280/2746, Loss: 1.4161
Epoch 3/5, Batch 1290/2746, Loss: 1.4195
Epoch 3/5, Batch 1300/2746, Loss: 1.4262
Epoch 3/5, Batch 1310/2746, Loss: 1.5844
Epoch 3/5, Batch 1320/2746, Loss: 1.5268
Epoch 3/5, Batch 1330/2746, Loss: 1.3261
Epoch 3/5, Batch 1340/2746, Loss: 1.5362
Epoch 3/5, Batch 1350/2746, Loss: 1.4443
Epoch 3/5, Batch 1360/2746, Loss: 1.4595
Epoch 3/5, Batch 1370/2746, Loss: 1.4437
Epoch 3/5, Batch 1380/2746, Loss: 1.3663
Epoch 3/5, Batch 1390/2746, Loss: 1.3534
Epoch 3/5, Batch 1400/2746, Loss: 1.4074
Epoch 3/5, Batch 1410/2746, Loss: 1.4694
Epoch 3/5, Batch 1420/2746, Loss: 1.4781
Epoch 3/5, Batch 1430/2746, Loss: 1.5372
Epoch 3/5, Batch 1440/2746, Loss: 1.4301
Epoch 3/5, Batch 1450/2746, Loss: 1.5104
Epoch 3/5, Batch 1460/2746, Loss: 1.3710
Epoch 3/5, Batch 1470/2746, Loss: 1.4088
Epoch 3/5, Batch 1480/2746, Loss: 1.6606
Epoch 3/5, Batch 1490/2746, Loss: 1.5147
Epoch 3/5, Batch 1500/2746, Loss: 1.5109
Epoch 3/5, Batch 1510/2746, Loss: 1.4544
Epoch 3/5, Batch 1520/2746, Loss: 1.4690
Epoch 3/5, Batch 1530/2746, Loss: 1.4008
Epoch 3/5, Batch 1540/2746, Loss: 1.4483
Epoch 3/5, Batch 1550/2746, Loss: 1.4404
Epoch 3/5, Batch 1560/2746, Loss: 1.3888
Epoch 3/5, Batch 1570/2746, Loss: 1.4768
Epoch 3/5, Batch 1580/2746, Loss: 1.6061
Epoch 3/5, Batch 1590/2746, Loss: 1.4434
Epoch 3/5, Batch 1600/2746, Loss: 1.4373
Epoch 3/5, Batch 1610/2746, Loss: 1.4911
Epoch 3/5, Batch 1620/2746, Loss: 1.4549
Epoch 3/5, Batch 1630/2746, Loss: 1.4161
Epoch 3/5, Batch 1640/2746, Loss: 1.4393
Epoch 3/5, Batch 1650/2746, Loss: 1.4689
Epoch 3/5, Batch 1660/2746, Loss: 1.4123
Epoch 3/5, Batch 1670/2746, Loss: 1.4088
Epoch 3/5, Batch 1680/2746, Loss: 1.4197
Epoch 3/5, Batch 1690/2746, Loss: 1.4709
Epoch 3/5, Batch 1700/2746, Loss: 1.4927
Epoch 3/5, Batch 1710/2746, Loss: 1.4775
Epoch 3/5, Batch 1720/2746, Loss: 1.4547
Epoch 3/5, Batch 1730/2746, Loss: 1.4179
Epoch 3/5, Batch 1740/2746, Loss: 1.4395
Epoch 3/5, Batch 1750/2746, Loss: 1.4902
Epoch 3/5, Batch 1760/2746, Loss: 1.4293
Epoch 3/5, Batch 1770/2746, Loss: 1.3867
Epoch 3/5, Batch 1780/2746, Loss: 1.4465
Epoch 3/5, Batch 1790/2746, Loss: 1.3753
Epoch 3/5, Batch 1800/2746, Loss: 1.3850
Epoch 3/5, Batch 1810/2746, Loss: 1.4039
Epoch 3/5, Batch 1820/2746, Loss: 1.4550
Epoch 3/5, Batch 1830/2746, Loss: 1.4379
Epoch 3/5, Batch 1840/2746, Loss: 1.4216
Epoch 3/5, Batch 1850/2746, Loss: 1.4600
Epoch 3/5, Batch 1860/2746, Loss: 1.4591
Epoch 3/5, Batch 1870/2746, Loss: 1.4087
Epoch 3/5, Batch 1880/2746, Loss: 1.4340
Epoch 3/5, Batch 1890/2746, Loss: 1.4256
Epoch 3/5, Batch 1900/2746, Loss: 1.5006
Epoch 3/5, Batch 1910/2746, Loss: 1.4654
Epoch 3/5, Batch 1920/2746, Loss: 1.4349
Epoch 3/5, Batch 1930/2746, Loss: 1.3598
Epoch 3/5, Batch 1940/2746, Loss: 1.4247
Epoch 3/5, Batch 1950/2746, Loss: 1.4233
Epoch 3/5, Batch 1960/2746, Loss: 1.3945
Epoch 3/5, Batch 1970/2746, Loss: 1.4699
Epoch 3/5, Batch 1980/2746, Loss: 1.4087
Epoch 3/5, Batch 1990/2746, Loss: 1.4203
Epoch 3/5, Batch 2000/2746, Loss: 1.4359
Epoch 3/5, Batch 2010/2746, Loss: 1.4983
Epoch 3/5, Batch 2020/2746, Loss: 1.3356
Epoch 3/5, Batch 2030/2746, Loss: 1.3896
Epoch 3/5, Batch 2040/2746, Loss: 1.3893
Epoch 3/5, Batch 2050/2746, Loss: 1.3539
Epoch 3/5, Batch 2060/2746, Loss: 1.3788
Epoch 3/5, Batch 2070/2746, Loss: 1.3508
Epoch 3/5, Batch 2080/2746, Loss: 1.3441
Epoch 3/5, Batch 2090/2746, Loss: 1.3856
Epoch 3/5, Batch 2100/2746, Loss: 1.4497
Epoch 3/5, Batch 2110/2746, Loss: 1.4566
Epoch 3/5, Batch 2120/2746, Loss: 1.3477
Epoch 3/5, Batch 2130/2746, Loss: 1.4344
Epoch 3/5, Batch 2140/2746, Loss: 1.4171
Epoch 3/5, Batch 2150/2746, Loss: 1.4099
Epoch 3/5, Batch 2160/2746, Loss: 1.3516
Epoch 3/5, Batch 2170/2746, Loss: 1.3974
Epoch 3/5, Batch 2180/2746, Loss: 1.3727
Epoch 3/5, Batch 2190/2746, Loss: 1.4764
Epoch 3/5, Batch 2200/2746, Loss: 1.4620
Epoch 3/5, Batch 2210/2746, Loss: 1.3389
Epoch 3/5, Batch 2220/2746, Loss: 1.3820
Epoch 3/5, Batch 2230/2746, Loss: 1.3918
Epoch 3/5, Batch 2240/2746, Loss: 1.4916
Epoch 3/5, Batch 2250/2746, Loss: 1.4291
Epoch 3/5, Batch 2260/2746, Loss: 1.5166
Epoch 3/5, Batch 2270/2746, Loss: 1.4976
Epoch 3/5, Batch 2280/2746, Loss: 1.4008
Epoch 3/5, Batch 2290/2746, Loss: 1.3485
Epoch 3/5, Batch 2300/2746, Loss: 1.4470
Epoch 3/5, Batch 2310/2746, Loss: 1.3743
Epoch 3/5, Batch 2320/2746, Loss: 1.5000
Epoch 3/5, Batch 2330/2746, Loss: 1.4392
Epoch 3/5, Batch 2340/2746, Loss: 1.4270
Epoch 3/5, Batch 2350/2746, Loss: 1.5921
Epoch 3/5, Batch 2360/2746, Loss: 1.4486
Epoch 3/5, Batch 2370/2746, Loss: 1.4542
Epoch 3/5, Batch 2380/2746, Loss: 1.2966
Epoch 3/5, Batch 2390/2746, Loss: 1.5175
Epoch 3/5, Batch 2400/2746, Loss: 1.4382
Epoch 3/5, Batch 2410/2746, Loss: 1.4220
Epoch 3/5, Batch 2420/2746, Loss: 1.4411
Epoch 3/5, Batch 2430/2746, Loss: 1.4492
Epoch 3/5, Batch 2440/2746, Loss: 1.4079
Epoch 3/5, Batch 2450/2746, Loss: 1.3605
Epoch 3/5, Batch 2460/2746, Loss: 1.3167
Epoch 3/5, Batch 2470/2746, Loss: 1.4254
Epoch 3/5, Batch 2480/2746, Loss: 1.4457
Epoch 3/5, Batch 2490/2746, Loss: 1.4558
Epoch 3/5, Batch 2500/2746, Loss: 1.4676
Epoch 3/5, Batch 2510/2746, Loss: 1.4291
Epoch 3/5, Batch 2520/2746, Loss: 1.4006
Epoch 3/5, Batch 2530/2746, Loss: 1.4663
Epoch 3/5, Batch 2540/2746, Loss: 1.4241
Epoch 3/5, Batch 2550/2746, Loss: 1.4303
Epoch 3/5, Batch 2560/2746, Loss: 1.3546
Epoch 3/5, Batch 2570/2746, Loss: 1.4239
Epoch 3/5, Batch 2580/2746, Loss: 1.3744
Epoch 3/5, Batch 2590/2746, Loss: 1.3431
Epoch 3/5, Batch 2600/2746, Loss: 1.5454
Epoch 3/5, Batch 2610/2746, Loss: 1.4285
Epoch 3/5, Batch 2620/2746, Loss: 1.4072
Epoch 3/5, Batch 2630/2746, Loss: 1.4096
Epoch 3/5, Batch 2640/2746, Loss: 1.3751
Epoch 3/5, Batch 2650/2746, Loss: 1.3457
Epoch 3/5, Batch 2660/2746, Loss: 1.4094
Epoch 3/5, Batch 2670/2746, Loss: 1.4006
Epoch 3/5, Batch 2680/2746, Loss: 1.4068
Epoch 3/5, Batch 2690/2746, Loss: 1.4402
Epoch 3/5, Batch 2700/2746, Loss: 1.3345
Epoch 3/5, Batch 2710/2746, Loss: 1.5021
Epoch 3/5, Batch 2720/2746, Loss: 1.5233
Epoch 3/5, Batch 2730/2746, Loss: 1.3898
Epoch 3/5, Batch 2740/2746, Loss: 1.6002
New best model with validation loss: 1.2078, perplexity: 3.35
Epoch 3/5, Loss: 1.4543, Perplexity: 4.28, Val Loss: 1.2078, Val Perplexity: 3.35, Time: 3676.73s
Epoch 4/5, Batch 10/2746, Loss: 1.4057
Epoch 4/5, Batch 20/2746, Loss: 1.4316
Epoch 4/5, Batch 30/2746, Loss: 1.4419
Epoch 4/5, Batch 40/2746, Loss: 1.3573
Epoch 4/5, Batch 50/2746, Loss: 1.4461
Epoch 4/5, Batch 60/2746, Loss: 1.3791
Epoch 4/5, Batch 70/2746, Loss: 1.3994
Epoch 4/5, Batch 80/2746, Loss: 1.4264
Epoch 4/5, Batch 90/2746, Loss: 1.3862
Epoch 4/5, Batch 100/2746, Loss: 1.3482
Epoch 4/5, Batch 110/2746, Loss: 1.5110
Epoch 4/5, Batch 120/2746, Loss: 1.3518
Epoch 4/5, Batch 130/2746, Loss: 1.3613
Epoch 4/5, Batch 140/2746, Loss: 1.3673
Epoch 4/5, Batch 150/2746, Loss: 1.3017
Epoch 4/5, Batch 160/2746, Loss: 1.3795
Epoch 4/5, Batch 170/2746, Loss: 1.4095
Epoch 4/5, Batch 180/2746, Loss: 1.4246
Epoch 4/5, Batch 190/2746, Loss: 1.6276
Epoch 4/5, Batch 200/2746, Loss: 1.4863
Epoch 4/5, Batch 210/2746, Loss: 1.4247
Epoch 4/5, Batch 220/2746, Loss: 1.3790
Epoch 4/5, Batch 230/2746, Loss: 1.4254
Epoch 4/5, Batch 240/2746, Loss: 1.4459
Epoch 4/5, Batch 250/2746, Loss: 1.4819
Epoch 4/5, Batch 260/2746, Loss: 1.4290
Epoch 4/5, Batch 270/2746, Loss: 1.4187
Epoch 4/5, Batch 280/2746, Loss: 1.4220
Epoch 4/5, Batch 290/2746, Loss: 1.3884
Epoch 4/5, Batch 300/2746, Loss: 1.4383
Epoch 4/5, Batch 310/2746, Loss: 1.4040
Epoch 4/5, Batch 320/2746, Loss: 1.3574
Epoch 4/5, Batch 330/2746, Loss: 1.3942
Epoch 4/5, Batch 340/2746, Loss: 1.3869
Epoch 4/5, Batch 350/2746, Loss: 1.2917
Epoch 4/5, Batch 360/2746, Loss: 1.4361
Epoch 4/5, Batch 370/2746, Loss: 1.3806
Epoch 4/5, Batch 380/2746, Loss: 1.3205
Epoch 4/5, Batch 390/2746, Loss: 1.4187
Epoch 4/5, Batch 400/2746, Loss: 1.4683
Epoch 4/5, Batch 410/2746, Loss: 1.3456
Epoch 4/5, Batch 420/2746, Loss: 1.3459
Epoch 4/5, Batch 430/2746, Loss: 1.4045
Epoch 4/5, Batch 440/2746, Loss: 1.3628
Epoch 4/5, Batch 450/2746, Loss: 1.3811
Epoch 4/5, Batch 460/2746, Loss: 1.4138
Epoch 4/5, Batch 470/2746, Loss: 1.4174
Epoch 4/5, Batch 480/2746, Loss: 1.3951
Epoch 4/5, Batch 490/2746, Loss: 1.3927
Epoch 4/5, Batch 500/2746, Loss: 1.5092
Epoch 4/5, Batch 510/2746, Loss: 1.3278
Epoch 4/5, Batch 520/2746, Loss: 1.3313
Epoch 4/5, Batch 530/2746, Loss: 1.4382
Epoch 4/5, Batch 540/2746, Loss: 1.4157
Epoch 4/5, Batch 550/2746, Loss: 1.4081
Epoch 4/5, Batch 560/2746, Loss: 1.3099
Epoch 4/5, Batch 570/2746, Loss: 1.4022
Epoch 4/5, Batch 580/2746, Loss: 1.2981
Epoch 4/5, Batch 590/2746, Loss: 1.2817
Epoch 4/5, Batch 600/2746, Loss: 1.3174
Epoch 4/5, Batch 610/2746, Loss: 1.3724
Epoch 4/5, Batch 620/2746, Loss: 1.4224
Epoch 4/5, Batch 630/2746, Loss: 1.3984
Epoch 4/5, Batch 640/2746, Loss: 1.4493
Epoch 4/5, Batch 650/2746, Loss: 1.3955
Epoch 4/5, Batch 660/2746, Loss: 1.3563
Epoch 4/5, Batch 670/2746, Loss: 1.3968
Epoch 4/5, Batch 680/2746, Loss: 1.4232
Epoch 4/5, Batch 690/2746, Loss: 1.3931
Epoch 4/5, Batch 700/2746, Loss: 1.3910
Epoch 4/5, Batch 710/2746, Loss: 1.2769
Epoch 4/5, Batch 720/2746, Loss: 1.3548
Epoch 4/5, Batch 730/2746, Loss: 1.4221
Epoch 4/5, Batch 740/2746, Loss: 1.3458
Epoch 4/5, Batch 750/2746, Loss: 1.3755
Epoch 4/5, Batch 760/2746, Loss: 1.3323
Epoch 4/5, Batch 770/2746, Loss: 1.3148
Epoch 4/5, Batch 780/2746, Loss: 1.3512
Epoch 4/5, Batch 790/2746, Loss: 1.3768
Epoch 4/5, Batch 800/2746, Loss: 1.3976
Epoch 4/5, Batch 810/2746, Loss: 1.3384
Epoch 4/5, Batch 820/2746, Loss: 1.3378
Epoch 4/5, Batch 830/2746, Loss: 1.3702
Epoch 4/5, Batch 840/2746, Loss: 1.3706
Epoch 4/5, Batch 850/2746, Loss: 1.3201
Epoch 4/5, Batch 860/2746, Loss: 1.3386
Epoch 4/5, Batch 870/2746, Loss: 1.3939
Epoch 4/5, Batch 880/2746, Loss: 1.3952
Epoch 4/5, Batch 890/2746, Loss: 1.3966
Epoch 4/5, Batch 900/2746, Loss: 1.3557
Epoch 4/5, Batch 910/2746, Loss: 1.3320
Epoch 4/5, Batch 920/2746, Loss: 1.3476
Epoch 4/5, Batch 930/2746, Loss: 1.3356
Epoch 4/5, Batch 940/2746, Loss: 1.3040
Epoch 4/5, Batch 950/2746, Loss: 1.4034
Epoch 4/5, Batch 960/2746, Loss: 1.4221
Epoch 4/5, Batch 970/2746, Loss: 1.4263
Epoch 4/5, Batch 980/2746, Loss: 1.3529
Epoch 4/5, Batch 990/2746, Loss: 1.4816
Epoch 4/5, Batch 1000/2746, Loss: 1.4478
Epoch 4/5, Batch 1010/2746, Loss: 1.3570
Epoch 4/5, Batch 1020/2746, Loss: 1.3831
Epoch 4/5, Batch 1030/2746, Loss: 1.4339
Epoch 4/5, Batch 1040/2746, Loss: 1.3888
Epoch 4/5, Batch 1050/2746, Loss: 1.3195
Epoch 4/5, Batch 1060/2746, Loss: 1.3821
Epoch 4/5, Batch 1070/2746, Loss: 1.3167
Epoch 4/5, Batch 1080/2746, Loss: 1.3770
Epoch 4/5, Batch 1090/2746, Loss: 1.3336
Epoch 4/5, Batch 1100/2746, Loss: 1.3375
Epoch 4/5, Batch 1110/2746, Loss: 1.3258
Epoch 4/5, Batch 1120/2746, Loss: 1.4786
Epoch 4/5, Batch 1130/2746, Loss: 1.3545
Epoch 4/5, Batch 1140/2746, Loss: 1.3341
Epoch 4/5, Batch 1150/2746, Loss: 1.3789
Epoch 4/5, Batch 1160/2746, Loss: 1.2744
Epoch 4/5, Batch 1170/2746, Loss: 1.3250
Epoch 4/5, Batch 1180/2746, Loss: 1.4544
Epoch 4/5, Batch 1190/2746, Loss: 1.4648
Epoch 4/5, Batch 1200/2746, Loss: 1.3296
Epoch 4/5, Batch 1210/2746, Loss: 1.3309
Epoch 4/5, Batch 1220/2746, Loss: 1.3591
Epoch 4/5, Batch 1230/2746, Loss: 1.3999
Epoch 4/5, Batch 1240/2746, Loss: 1.3307
Epoch 4/5, Batch 1250/2746, Loss: 1.3747
Epoch 4/5, Batch 1260/2746, Loss: 1.3796
Epoch 4/5, Batch 1270/2746, Loss: 1.3327
Epoch 4/5, Batch 1280/2746, Loss: 1.3334
Epoch 4/5, Batch 1290/2746, Loss: 1.3487
Epoch 4/5, Batch 1300/2746, Loss: 1.3665
Epoch 4/5, Batch 1310/2746, Loss: 1.4083
Epoch 4/5, Batch 1320/2746, Loss: 1.3623
Epoch 4/5, Batch 1330/2746, Loss: 1.2754
Epoch 4/5, Batch 1340/2746, Loss: 1.3637
Epoch 4/5, Batch 1350/2746, Loss: 1.3717
Epoch 4/5, Batch 1360/2746, Loss: 1.3650
Epoch 4/5, Batch 1370/2746, Loss: 1.3599
Epoch 4/5, Batch 1380/2746, Loss: 1.3298
Epoch 4/5, Batch 1390/2746, Loss: 1.2793
Epoch 4/5, Batch 1400/2746, Loss: 1.5347
Epoch 4/5, Batch 1410/2746, Loss: 1.4170
Epoch 4/5, Batch 1420/2746, Loss: 1.3914
Epoch 4/5, Batch 1430/2746, Loss: 1.4148
Epoch 4/5, Batch 1440/2746, Loss: 1.3699
Epoch 4/5, Batch 1450/2746, Loss: 1.3732
Epoch 4/5, Batch 1460/2746, Loss: 1.2877
Epoch 4/5, Batch 1470/2746, Loss: 1.3337
Epoch 4/5, Batch 1480/2746, Loss: 1.3669
Epoch 4/5, Batch 1490/2746, Loss: 1.4167
Epoch 4/5, Batch 1500/2746, Loss: 1.3441
Epoch 4/5, Batch 1510/2746, Loss: 1.3791
Epoch 4/5, Batch 1520/2746, Loss: 1.3502
Epoch 4/5, Batch 1530/2746, Loss: 1.3359
Epoch 4/5, Batch 1540/2746, Loss: 1.3952
Epoch 4/5, Batch 1550/2746, Loss: 1.4897
Epoch 4/5, Batch 1560/2746, Loss: 1.3684
Epoch 4/5, Batch 1570/2746, Loss: 1.4236
Epoch 4/5, Batch 1580/2746, Loss: 1.3783
Epoch 4/5, Batch 1590/2746, Loss: 1.3804
Epoch 4/5, Batch 1600/2746, Loss: 1.3865
Epoch 4/5, Batch 1610/2746, Loss: 1.3813
Epoch 4/5, Batch 1620/2746, Loss: 1.3735
Epoch 4/5, Batch 1630/2746, Loss: 1.3469
Epoch 4/5, Batch 1640/2746, Loss: 1.3621
Epoch 4/5, Batch 1650/2746, Loss: 1.4971
Epoch 4/5, Batch 1660/2746, Loss: 1.3368
Epoch 4/5, Batch 1670/2746, Loss: 1.3460
Epoch 4/5, Batch 1680/2746, Loss: 1.3748
Epoch 4/5, Batch 1690/2746, Loss: 1.2925
Epoch 4/5, Batch 1700/2746, Loss: 1.3632
Epoch 4/5, Batch 1710/2746, Loss: 1.4189
Epoch 4/5, Batch 1720/2746, Loss: 1.4724
Epoch 4/5, Batch 1730/2746, Loss: 1.3183
Epoch 4/5, Batch 1740/2746, Loss: 1.3603
Epoch 4/5, Batch 1750/2746, Loss: 1.3064
Epoch 4/5, Batch 1760/2746, Loss: 1.3210
Epoch 4/5, Batch 1770/2746, Loss: 1.3158
Epoch 4/5, Batch 1780/2746, Loss: 1.3621
Epoch 4/5, Batch 1790/2746, Loss: 1.3070
Epoch 4/5, Batch 1800/2746, Loss: 1.3747
Epoch 4/5, Batch 1810/2746, Loss: 1.3320
Epoch 4/5, Batch 1820/2746, Loss: 1.3882
Epoch 4/5, Batch 1830/2746, Loss: 1.3534
Epoch 4/5, Batch 1840/2746, Loss: 1.3394
Epoch 4/5, Batch 1850/2746, Loss: 1.3675
Epoch 4/5, Batch 1860/2746, Loss: 1.3893
Epoch 4/5, Batch 1870/2746, Loss: 1.3443
Epoch 4/5, Batch 1880/2746, Loss: 1.3752
Epoch 4/5, Batch 1890/2746, Loss: 1.3532
Epoch 4/5, Batch 1900/2746, Loss: 1.3977
Epoch 4/5, Batch 1910/2746, Loss: 1.3517
Epoch 4/5, Batch 1920/2746, Loss: 1.3649
Epoch 4/5, Batch 1930/2746, Loss: 1.3471
Epoch 4/5, Batch 1940/2746, Loss: 1.2597
Epoch 4/5, Batch 1950/2746, Loss: 1.3810
Epoch 4/5, Batch 1960/2746, Loss: 1.3552
Epoch 4/5, Batch 1970/2746, Loss: 1.3611
Epoch 4/5, Batch 1980/2746, Loss: 1.3533
Epoch 4/5, Batch 1990/2746, Loss: 1.3603
Epoch 4/5, Batch 2000/2746, Loss: 1.3266
Epoch 4/5, Batch 2010/2746, Loss: 1.4677
Epoch 4/5, Batch 2020/2746, Loss: 1.2715
Epoch 4/5, Batch 2030/2746, Loss: 1.3291
Epoch 4/5, Batch 2040/2746, Loss: 1.3012
Epoch 4/5, Batch 2050/2746, Loss: 1.2902
Epoch 4/5, Batch 2060/2746, Loss: 1.3644
Epoch 4/5, Batch 2070/2746, Loss: 1.2858
Epoch 4/5, Batch 2080/2746, Loss: 1.2693
Epoch 4/5, Batch 2090/2746, Loss: 1.3251
Epoch 4/5, Batch 2100/2746, Loss: 1.3909
Epoch 4/5, Batch 2110/2746, Loss: 1.4243
Epoch 4/5, Batch 2120/2746, Loss: 1.2799
Epoch 4/5, Batch 2130/2746, Loss: 1.3610
Epoch 4/5, Batch 2140/2746, Loss: 1.3890
Epoch 4/5, Batch 2150/2746, Loss: 1.3051
Epoch 4/5, Batch 2160/2746, Loss: 1.2907
Epoch 4/5, Batch 2170/2746, Loss: 1.4052
Epoch 4/5, Batch 2180/2746, Loss: 1.3137
Epoch 4/5, Batch 2190/2746, Loss: 1.3675
Epoch 4/5, Batch 2200/2746, Loss: 1.3805
Epoch 4/5, Batch 2210/2746, Loss: 1.2801
Epoch 4/5, Batch 2220/2746, Loss: 1.3324
Epoch 4/5, Batch 2230/2746, Loss: 1.3270
Epoch 4/5, Batch 2240/2746, Loss: 1.3972
Epoch 4/5, Batch 2250/2746, Loss: 1.3595
Epoch 4/5, Batch 2260/2746, Loss: 1.4288
Epoch 4/5, Batch 2270/2746, Loss: 1.3348
Epoch 4/5, Batch 2280/2746, Loss: 1.3506
Epoch 4/5, Batch 2290/2746, Loss: 1.2825
Epoch 4/5, Batch 2300/2746, Loss: 1.3333
Epoch 4/5, Batch 2310/2746, Loss: 1.3119
Epoch 4/5, Batch 2320/2746, Loss: 1.3485
Epoch 4/5, Batch 2330/2746, Loss: 1.3844
Epoch 4/5, Batch 2340/2746, Loss: 1.3748
Epoch 4/5, Batch 2350/2746, Loss: 1.3912
Epoch 4/5, Batch 2360/2746, Loss: 1.3959
Epoch 4/5, Batch 2370/2746, Loss: 1.3959
Epoch 4/5, Batch 2380/2746, Loss: 1.2676
Epoch 4/5, Batch 2390/2746, Loss: 1.4542
Epoch 4/5, Batch 2400/2746, Loss: 1.3232
Epoch 4/5, Batch 2410/2746, Loss: 1.3550
Epoch 4/5, Batch 2420/2746, Loss: 1.3804
Epoch 4/5, Batch 2430/2746, Loss: 1.3866
Epoch 4/5, Batch 2440/2746, Loss: 1.3537
Epoch 4/5, Batch 2450/2746, Loss: 1.3158
Epoch 4/5, Batch 2460/2746, Loss: 1.2646
Epoch 4/5, Batch 2470/2746, Loss: 1.3119
Epoch 4/5, Batch 2480/2746, Loss: 1.2875
Epoch 4/5, Batch 2490/2746, Loss: 1.3389
Epoch 4/5, Batch 2500/2746, Loss: 1.3840
Epoch 4/5, Batch 2510/2746, Loss: 1.4617
Epoch 4/5, Batch 2520/2746, Loss: 1.3459
Epoch 4/5, Batch 2530/2746, Loss: 1.4213
Epoch 4/5, Batch 2540/2746, Loss: 1.3670
Epoch 4/5, Batch 2550/2746, Loss: 1.3737
Epoch 4/5, Batch 2560/2746, Loss: 1.3115
Epoch 4/5, Batch 2570/2746, Loss: 1.3591
Epoch 4/5, Batch 2580/2746, Loss: 1.3706
Epoch 4/5, Batch 2590/2746, Loss: 1.4724
Epoch 4/5, Batch 2600/2746, Loss: 1.3476
Epoch 4/5, Batch 2610/2746, Loss: 1.3713
Epoch 4/5, Batch 2620/2746, Loss: 1.4102
Epoch 4/5, Batch 2630/2746, Loss: 1.3014
Epoch 4/5, Batch 2640/2746, Loss: 1.3654
Epoch 4/5, Batch 2650/2746, Loss: 1.2849
Epoch 4/5, Batch 2660/2746, Loss: 1.3497
Epoch 4/5, Batch 2670/2746, Loss: 1.4125
Epoch 4/5, Batch 2680/2746, Loss: 1.4843
Epoch 4/5, Batch 2690/2746, Loss: 1.3303
Epoch 4/5, Batch 2700/2746, Loss: 1.2842
Epoch 4/5, Batch 2710/2746, Loss: 1.3976
Epoch 4/5, Batch 2720/2746, Loss: 1.3022
Epoch 4/5, Batch 2730/2746, Loss: 1.3559
Epoch 4/5, Batch 2740/2746, Loss: 1.3262
New best model with validation loss: 1.1627, perplexity: 3.20
Epoch 4/5, Loss: 1.3714, Perplexity: 3.94, Val Loss: 1.1627, Val Perplexity: 3.20, Time: 3624.46s
Epoch 5/5, Batch 10/2746, Loss: 1.3424
Epoch 5/5, Batch 20/2746, Loss: 1.4170
Epoch 5/5, Batch 30/2746, Loss: 1.3483
Epoch 5/5, Batch 40/2746, Loss: 1.3036
Epoch 5/5, Batch 50/2746, Loss: 1.4803
Epoch 5/5, Batch 60/2746, Loss: 1.3200
Epoch 5/5, Batch 70/2746, Loss: 1.3787
Epoch 5/5, Batch 80/2746, Loss: 1.3563
Epoch 5/5, Batch 90/2746, Loss: 1.3399
Epoch 5/5, Batch 100/2746, Loss: 1.2850
Epoch 5/5, Batch 110/2746, Loss: 1.5100
Epoch 5/5, Batch 120/2746, Loss: 1.3031
Epoch 5/5, Batch 130/2746, Loss: 1.3510
Epoch 5/5, Batch 140/2746, Loss: 1.3212
Epoch 5/5, Batch 150/2746, Loss: 1.2401
Epoch 5/5, Batch 160/2746, Loss: 1.3137
Epoch 5/5, Batch 170/2746, Loss: 1.3600
Epoch 5/5, Batch 180/2746, Loss: 1.3465
Epoch 5/5, Batch 190/2746, Loss: 1.3932
Epoch 5/5, Batch 200/2746, Loss: 1.4361
Epoch 5/5, Batch 210/2746, Loss: 1.3882
Epoch 5/5, Batch 220/2746, Loss: 1.3472
Epoch 5/5, Batch 230/2746, Loss: 1.4215
Epoch 5/5, Batch 240/2746, Loss: 1.4181
Epoch 5/5, Batch 250/2746, Loss: 1.4212
Epoch 5/5, Batch 260/2746, Loss: 1.4718
Epoch 5/5, Batch 270/2746, Loss: 1.3632
Epoch 5/5, Batch 280/2746, Loss: 1.3724
Epoch 5/5, Batch 290/2746, Loss: 1.2964
Epoch 5/5, Batch 300/2746, Loss: 1.3786
Epoch 5/5, Batch 310/2746, Loss: 1.3115
Epoch 5/5, Batch 320/2746, Loss: 1.3609
Epoch 5/5, Batch 330/2746, Loss: 1.3391
Epoch 5/5, Batch 340/2746, Loss: 1.3350
Epoch 5/5, Batch 350/2746, Loss: 1.2424
Epoch 5/5, Batch 360/2746, Loss: 1.3442
Epoch 5/5, Batch 370/2746, Loss: 1.3491
Epoch 5/5, Batch 380/2746, Loss: 1.3202
Epoch 5/5, Batch 390/2746, Loss: 1.3614
Epoch 5/5, Batch 400/2746, Loss: 1.4222
Epoch 5/5, Batch 410/2746, Loss: 1.2957
Epoch 5/5, Batch 420/2746, Loss: 1.2974
Epoch 5/5, Batch 430/2746, Loss: 1.3546
Epoch 5/5, Batch 440/2746, Loss: 1.3249
Epoch 5/5, Batch 450/2746, Loss: 1.3343
Epoch 5/5, Batch 460/2746, Loss: 1.3725
Epoch 5/5, Batch 470/2746, Loss: 1.3774
Epoch 5/5, Batch 480/2746, Loss: 1.3369
Epoch 5/5, Batch 490/2746, Loss: 1.3846
Epoch 5/5, Batch 500/2746, Loss: 1.4989
Epoch 5/5, Batch 510/2746, Loss: 1.2912
Epoch 5/5, Batch 520/2746, Loss: 1.3398
Epoch 5/5, Batch 530/2746, Loss: 1.3740
Epoch 5/5, Batch 540/2746, Loss: 1.4463
Epoch 5/5, Batch 550/2746, Loss: 1.3595
Epoch 5/5, Batch 560/2746, Loss: 1.2605
Epoch 5/5, Batch 570/2746, Loss: 1.3423
Epoch 5/5, Batch 580/2746, Loss: 1.3370
Epoch 5/5, Batch 590/2746, Loss: 1.2624
Epoch 5/5, Batch 600/2746, Loss: 1.3566
Epoch 5/5, Batch 610/2746, Loss: 1.3261
Epoch 5/5, Batch 620/2746, Loss: 1.3375
Epoch 5/5, Batch 630/2746, Loss: 1.3445
Epoch 5/5, Batch 640/2746, Loss: 1.3636
Epoch 5/5, Batch 650/2746, Loss: 1.3385
Epoch 5/5, Batch 660/2746, Loss: 1.3094
Epoch 5/5, Batch 670/2746, Loss: 1.3244
Epoch 5/5, Batch 680/2746, Loss: 1.3724
Epoch 5/5, Batch 690/2746, Loss: 1.4074
Epoch 5/5, Batch 700/2746, Loss: 1.2885
Epoch 5/5, Batch 710/2746, Loss: 1.2290
Epoch 5/5, Batch 720/2746, Loss: 1.3549
Epoch 5/5, Batch 730/2746, Loss: 1.4277
Epoch 5/5, Batch 740/2746, Loss: 1.2979
Epoch 5/5, Batch 750/2746, Loss: 1.3107
Epoch 5/5, Batch 760/2746, Loss: 1.2755
Epoch 5/5, Batch 770/2746, Loss: 1.2753
Epoch 5/5, Batch 780/2746, Loss: 1.3865
Epoch 5/5, Batch 790/2746, Loss: 1.3312
Epoch 5/5, Batch 800/2746, Loss: 1.4231
Epoch 5/5, Batch 810/2746, Loss: 1.3007
Epoch 5/5, Batch 820/2746, Loss: 1.3034
Epoch 5/5, Batch 830/2746, Loss: 1.3243
Epoch 5/5, Batch 840/2746, Loss: 1.3278
Epoch 5/5, Batch 850/2746, Loss: 1.3436
Epoch 5/5, Batch 860/2746, Loss: 1.2876
Epoch 5/5, Batch 870/2746, Loss: 1.4083
Epoch 5/5, Batch 880/2746, Loss: 1.3409
Epoch 5/5, Batch 890/2746, Loss: 1.4166
Epoch 5/5, Batch 900/2746, Loss: 1.3070
Epoch 5/5, Batch 910/2746, Loss: 1.3360
Epoch 5/5, Batch 920/2746, Loss: 1.3066
Epoch 5/5, Batch 930/2746, Loss: 1.3465
Epoch 5/5, Batch 940/2746, Loss: 1.2692
Epoch 5/5, Batch 950/2746, Loss: 1.4535
Epoch 5/5, Batch 960/2746, Loss: 1.3785
Epoch 5/5, Batch 970/2746, Loss: 1.4392
Epoch 5/5, Batch 980/2746, Loss: 1.3192
Epoch 5/5, Batch 990/2746, Loss: 1.4144
Epoch 5/5, Batch 1000/2746, Loss: 1.3893
Epoch 5/5, Batch 1010/2746, Loss: 1.3222
Epoch 5/5, Batch 1020/2746, Loss: 1.3460
Epoch 5/5, Batch 1030/2746, Loss: 1.2929
Epoch 5/5, Batch 1040/2746, Loss: 1.3078
Epoch 5/5, Batch 1050/2746, Loss: 1.2817
Epoch 5/5, Batch 1060/2746, Loss: 1.3516
Epoch 5/5, Batch 1070/2746, Loss: 1.3209
Epoch 5/5, Batch 1080/2746, Loss: 1.2737
Epoch 5/5, Batch 1090/2746, Loss: 1.2482
Epoch 5/5, Batch 1100/2746, Loss: 1.3028
Epoch 5/5, Batch 1110/2746, Loss: 1.2872
Epoch 5/5, Batch 1120/2746, Loss: 1.3810
Epoch 5/5, Batch 1130/2746, Loss: 1.3635
Epoch 5/5, Batch 1140/2746, Loss: 1.3931
Epoch 5/5, Batch 1150/2746, Loss: 1.3233
Epoch 5/5, Batch 1160/2746, Loss: 1.2345
Epoch 5/5, Batch 1170/2746, Loss: 1.2876
Epoch 5/5, Batch 1180/2746, Loss: 1.4052
Epoch 5/5, Batch 1190/2746, Loss: 1.3403
Epoch 5/5, Batch 1200/2746, Loss: 1.3010
Epoch 5/5, Batch 1210/2746, Loss: 1.2121
Epoch 5/5, Batch 1220/2746, Loss: 1.3142
Epoch 5/5, Batch 1230/2746, Loss: 1.2764
Epoch 5/5, Batch 1240/2746, Loss: 1.2788
Epoch 5/5, Batch 1250/2746, Loss: 1.3365
Epoch 5/5, Batch 1260/2746, Loss: 1.3425
Epoch 5/5, Batch 1270/2746, Loss: 1.3534
Epoch 5/5, Batch 1280/2746, Loss: 1.2943
Epoch 5/5, Batch 1290/2746, Loss: 1.3107
Epoch 5/5, Batch 1300/2746, Loss: 1.3153
Epoch 5/5, Batch 1310/2746, Loss: 1.3766
Epoch 5/5, Batch 1320/2746, Loss: 1.3277
Epoch 5/5, Batch 1330/2746, Loss: 1.2210
Epoch 5/5, Batch 1340/2746, Loss: 1.3265
Epoch 5/5, Batch 1350/2746, Loss: 1.3387
Epoch 5/5, Batch 1360/2746, Loss: 1.3421
Epoch 5/5, Batch 1370/2746, Loss: 1.3630
Epoch 5/5, Batch 1380/2746, Loss: 1.2551
Epoch 5/5, Batch 1390/2746, Loss: 1.2568
Epoch 5/5, Batch 1400/2746, Loss: 1.2948
Epoch 5/5, Batch 1410/2746, Loss: 1.3769
Epoch 5/5, Batch 1420/2746, Loss: 1.3580
Epoch 5/5, Batch 1430/2746, Loss: 1.3291
Epoch 5/5, Batch 1440/2746, Loss: 1.3688
Epoch 5/5, Batch 1450/2746, Loss: 1.2904
Epoch 5/5, Batch 1460/2746, Loss: 1.2572
Epoch 5/5, Batch 1470/2746, Loss: 1.3027
Epoch 5/5, Batch 1480/2746, Loss: 1.3312
Epoch 5/5, Batch 1490/2746, Loss: 1.3805
Epoch 5/5, Batch 1500/2746, Loss: 1.3058
Epoch 5/5, Batch 1510/2746, Loss: 1.3688
Epoch 5/5, Batch 1520/2746, Loss: 1.3180
Epoch 5/5, Batch 1530/2746, Loss: 1.2983
Epoch 5/5, Batch 1540/2746, Loss: 1.4149
Epoch 5/5, Batch 1550/2746, Loss: 1.3939
Epoch 5/5, Batch 1560/2746, Loss: 1.2825
Epoch 5/5, Batch 1570/2746, Loss: 1.3609
Epoch 5/5, Batch 1580/2746, Loss: 1.3926
Epoch 5/5, Batch 1590/2746, Loss: 1.3333
Epoch 5/5, Batch 1600/2746, Loss: 1.3308
Epoch 5/5, Batch 1610/2746, Loss: 1.3144
Epoch 5/5, Batch 1620/2746, Loss: 1.3677
Epoch 5/5, Batch 1630/2746, Loss: 1.3238
Epoch 5/5, Batch 1640/2746, Loss: 1.3320
Epoch 5/5, Batch 1650/2746, Loss: 1.3878
Epoch 5/5, Batch 1660/2746, Loss: 1.3049
Epoch 5/5, Batch 1670/2746, Loss: 1.3380
Epoch 5/5, Batch 1680/2746, Loss: 1.3285
Epoch 5/5, Batch 1690/2746, Loss: 1.3325
Epoch 5/5, Batch 1700/2746, Loss: 1.3422
Epoch 5/5, Batch 1710/2746, Loss: 1.4019
Epoch 5/5, Batch 1720/2746, Loss: 1.3547
Epoch 5/5, Batch 1730/2746, Loss: 1.2862
Epoch 5/5, Batch 1740/2746, Loss: 1.3769
Epoch 5/5, Batch 1750/2746, Loss: 1.7032
Epoch 5/5, Batch 1760/2746, Loss: 1.2874
Epoch 5/5, Batch 1770/2746, Loss: 1.2869
Epoch 5/5, Batch 1780/2746, Loss: 1.3596
Epoch 5/5, Batch 1790/2746, Loss: 1.2548
Epoch 5/5, Batch 1800/2746, Loss: 1.3516
Epoch 5/5, Batch 1810/2746, Loss: 1.2956
Epoch 5/5, Batch 1820/2746, Loss: 1.3540
Epoch 5/5, Batch 1830/2746, Loss: 1.3131
Epoch 5/5, Batch 1840/2746, Loss: 1.3028
Epoch 5/5, Batch 1850/2746, Loss: 1.3124
Epoch 5/5, Batch 1860/2746, Loss: 1.4459
Epoch 5/5, Batch 1870/2746, Loss: 1.3938
Epoch 5/5, Batch 1880/2746, Loss: 1.3889
Epoch 5/5, Batch 1890/2746, Loss: 1.3203
Epoch 5/5, Batch 1900/2746, Loss: 1.3555
Epoch 5/5, Batch 1910/2746, Loss: 1.4119
Epoch 5/5, Batch 1920/2746, Loss: 1.3283
Epoch 5/5, Batch 1930/2746, Loss: 1.2678
Epoch 5/5, Batch 1940/2746, Loss: 1.2357
Epoch 5/5, Batch 1950/2746, Loss: 1.3758
Epoch 5/5, Batch 1960/2746, Loss: 1.3059
Epoch 5/5, Batch 1970/2746, Loss: 1.3600
Epoch 5/5, Batch 1980/2746, Loss: 1.3696
Epoch 5/5, Batch 1990/2746, Loss: 1.3988
Epoch 5/5, Batch 2000/2746, Loss: 1.3107
Epoch 5/5, Batch 2010/2746, Loss: 1.3645
Epoch 5/5, Batch 2020/2746, Loss: 1.2488
Epoch 5/5, Batch 2030/2746, Loss: 1.3069
Epoch 5/5, Batch 2040/2746, Loss: 1.3708
Epoch 5/5, Batch 2050/2746, Loss: 1.2608
Epoch 5/5, Batch 2060/2746, Loss: 1.2811
Epoch 5/5, Batch 2070/2746, Loss: 1.2525
Epoch 5/5, Batch 2080/2746, Loss: 1.2464
Epoch 5/5, Batch 2090/2746, Loss: 1.3509
Epoch 5/5, Batch 2100/2746, Loss: 1.3525
Epoch 5/5, Batch 2110/2746, Loss: 1.3503
Epoch 5/5, Batch 2120/2746, Loss: 1.2733
Epoch 5/5, Batch 2130/2746, Loss: 1.3741
Epoch 5/5, Batch 2140/2746, Loss: 1.3333
Epoch 5/5, Batch 2150/2746, Loss: 1.3594
Epoch 5/5, Batch 2160/2746, Loss: 1.2587
Epoch 5/5, Batch 2170/2746, Loss: 1.2947
Epoch 5/5, Batch 2180/2746, Loss: 1.3303
Epoch 5/5, Batch 2190/2746, Loss: 1.3272
Epoch 5/5, Batch 2200/2746, Loss: 1.3452
Epoch 5/5, Batch 2210/2746, Loss: 1.2521
Epoch 5/5, Batch 2220/2746, Loss: 1.2820
Epoch 5/5, Batch 2230/2746, Loss: 1.3989
Epoch 5/5, Batch 2240/2746, Loss: 1.3696
Epoch 5/5, Batch 2250/2746, Loss: 1.3442
Epoch 5/5, Batch 2260/2746, Loss: 1.4113
Epoch 5/5, Batch 2270/2746, Loss: 1.3416
Epoch 5/5, Batch 2280/2746, Loss: 1.3119
Epoch 5/5, Batch 2290/2746, Loss: 1.2606
Epoch 5/5, Batch 2300/2746, Loss: 1.3019
Epoch 5/5, Batch 2310/2746, Loss: 1.2788
Epoch 5/5, Batch 2320/2746, Loss: 1.3174
Epoch 5/5, Batch 2330/2746, Loss: 1.3435
Epoch 5/5, Batch 2340/2746, Loss: 1.3222
Epoch 5/5, Batch 2350/2746, Loss: 1.3936
Epoch 5/5, Batch 2360/2746, Loss: 1.3559
Epoch 5/5, Batch 2370/2746, Loss: 1.3755
Epoch 5/5, Batch 2380/2746, Loss: 1.2141
Epoch 5/5, Batch 2390/2746, Loss: 1.3959
Epoch 5/5, Batch 2400/2746, Loss: 1.3882
Epoch 5/5, Batch 2410/2746, Loss: 1.3298
Epoch 5/5, Batch 2420/2746, Loss: 1.4067
Epoch 5/5, Batch 2430/2746, Loss: 1.3852
Epoch 5/5, Batch 2440/2746, Loss: 1.3722
Epoch 5/5, Batch 2450/2746, Loss: 1.2947
Epoch 5/5, Batch 2460/2746, Loss: 1.2435
Epoch 5/5, Batch 2470/2746, Loss: 1.2958
Epoch 5/5, Batch 2480/2746, Loss: 1.3227
Epoch 5/5, Batch 2490/2746, Loss: 1.3114
Epoch 5/5, Batch 2500/2746, Loss: 1.3649
Epoch 5/5, Batch 2510/2746, Loss: 1.3662
Epoch 5/5, Batch 2520/2746, Loss: 1.3242
Epoch 5/5, Batch 2530/2746, Loss: 1.4425
Epoch 5/5, Batch 2540/2746, Loss: 1.3357
Epoch 5/5, Batch 2550/2746, Loss: 1.3052
Epoch 5/5, Batch 2560/2746, Loss: 1.2863
Epoch 5/5, Batch 2570/2746, Loss: 1.3528
Epoch 5/5, Batch 2580/2746, Loss: 1.3063
Epoch 5/5, Batch 2590/2746, Loss: 1.2700
Epoch 5/5, Batch 2600/2746, Loss: 1.3364
Epoch 5/5, Batch 2610/2746, Loss: 1.3536
Epoch 5/5, Batch 2620/2746, Loss: 1.3432
Epoch 5/5, Batch 2630/2746, Loss: 1.2892
Epoch 5/5, Batch 2640/2746, Loss: 1.3045
Epoch 5/5, Batch 2650/2746, Loss: 1.2629
Epoch 5/5, Batch 2660/2746, Loss: 1.3808
Epoch 5/5, Batch 2670/2746, Loss: 1.3425
Epoch 5/5, Batch 2680/2746, Loss: 1.3663
Epoch 5/5, Batch 2690/2746, Loss: 1.3146
Epoch 5/5, Batch 2700/2746, Loss: 1.2685
Epoch 5/5, Batch 2710/2746, Loss: 1.3791
Epoch 5/5, Batch 2720/2746, Loss: 1.2791
Epoch 5/5, Batch 2730/2746, Loss: 1.3182
Epoch 5/5, Batch 2740/2746, Loss: 1.2930
New best model with validation loss: 1.1448, perplexity: 3.14
Epoch 5/5, Loss: 1.3346, Perplexity: 3.80, Val Loss: 1.1448, Val Perplexity: 3.14, Time: 3626.62s
Loaded best model with validation loss: 1.1448, perplexity: 3.14
Saving model to bachelor_thesis/enhanced_char_transformer_model.pt
Loading test data...
Loading data from bachelor_thesis/data/enwik8
